Start testing: Jan 20 09:07 PST
----------------------------------------------------------
1/1 Testing: math_gtests
1/1 Test: math_gtests
Command: "/Users/user/Downloads/ACA-main/lib/math/build/tests/my_lib_test"
Directory: /Users/user/Downloads/ACA-main/lib/math/build/tests
"math_gtests" start time: Jan 20 09:07 PST
Output:
----------------------------------------------------------
[==========] Running 4 tests from 1 test suite.
[----------] Global test environment set-up.
[----------] 4 tests from math_gtests
[ RUN      ] math_gtests.TestIntegerOne_Zero
[       OK ] math_gtests.TestIntegerOne_Zero (0 ms)
[ RUN      ] math_gtests.TestIntegerTwo_True
[       OK ] math_gtests.TestIntegerTwo_True (0 ms)
[ RUN      ] math_gtests.TestIntegerFive_false
[       OK ] math_gtests.TestIntegerFive_false (0 ms)
[ RUN      ] math_gtests.TestInteger16_true
[       OK ] math_gtests.TestInteger16_true (0 ms)
[----------] 4 tests from math_gtests (0 ms total)

[----------] Global test environment tear-down
[==========] 4 tests from 1 test suite ran. (0 ms total)
[  PASSED  ] 4 tests.
<end of output>
Test time =   0.12 sec
----------------------------------------------------------
Test Passed.
"math_gtests" end time: Jan 20 09:07 PST
"math_gtests" time elapsed: 00:00:00
----------------------------------------------------------

End testing: Jan 20 09:07 PST
